6.0573 	WARNING 	We strongly recommend you activate the PTB sound engine in PsychoPy prefs as the preferred audio engine. Its timing is vastly superior. Your prefs are currently set to use ['sounddevice', 'PTB', 'pyo', 'pygame'] (in that order).
14.0215 	WARNING 	User requested fullscreen with size [1024  768], but screen is actually [1680, 1050]. Using actual size
16.7162 	WARNING 	Couldn't measure a consistent frame rate!
  - Is your graphics card set to sync to vertical blank?
  - Are you running other processes on your computer?

16.7199 	EXP 	Created window1 = Window(allowGUI=True, allowStencil=False, autoLog=True, backendConf=UNKNOWN, bitsMode=UNKNOWN, blendMode='avg', bpc=(8, 8, 8), color=array([0, 0, 0]), colorSpace='rgb', depthBits=8, fullscr=<method-wrapper '__getattribute__' of attributeSetter object at 0x7fec44a0ac40>, gamma=None, gammaErrorPolicy='raise', lms=UNKNOWN, monitor=<psychopy.monitors.calibTools.Monitor object at 0x7fec12204c70>, multiSample=False, name='window1', numSamples=2, pos=[420.0, 262.5], screen=0, size=array([3360, 2100]), stencilBits=0, stereo=False, units='height', useFBO=True, useRetina=True, viewOri=0.0, viewPos=None, viewScale=None, waitBlanking=True, winType='pyglet')
16.7203 	EXP 	window1: mouseVisible = True
16.7218 	EXP 	window1: mouseVisible = False
16.7219 	EXP 	window1: Attempting to measure frame rate of screen (0) ...
16.7219 	EXP 	window1: recordFrameIntervals = False
16.8825 	EXP 	window1: recordFrameIntervals = True
16.9838 	WARNING 	t of last frame was 21.03ms (=1/47)
17.0824 	WARNING 	t of last frame was 23.52ms (=1/42)
17.2822 	WARNING 	t of last frame was 24.90ms (=1/40)
17.4496 	WARNING 	t of last frame was 26.40ms (=1/37)
17.6160 	WARNING 	Multiple dropped frames have occurred - I'll stop bothering you about them!
18.5452 	WARNING 	Couldn't measure a consistent frame rate!
  - Is your graphics card set to sync to vertical blank?
  - Are you running other processes on your computer?

23.3373 	EXP 	Created text = TextStim(__class__=<class 'psychopy.visual.text.TextStim'>, alignHoriz=method-wrapper(...), alignText='center', alignVert=method-wrapper(...), anchorHoriz='center', anchorVert='center', antialias=True, autoDraw=False, autoLog=True, bold=False, color=array([1, 1, 1]), colorSpace='rgb', contrast=1.0, depth=0.0, flipHoriz=False, flipVert=False, font='Open Sans', fontFiles=[], height=0.05, italic=False, languageStyle='LTR', name='text', opacity=1.0, ori=0.0, pos=array([0., 0.]), rgb=UNKNOWN, text='Welcome to the Salience Rank Ordering Task ', units='height', win=Window(...), wrapWidth=1)
23.3597 	EXP 	Created text_2 = TextStim(__class__=<class 'psychopy.visual.text.TextStim'>, alignHoriz=method-wrapper(...), alignText='center', alignVert=method-wrapper(...), anchorHoriz='center', anchorVert='center', antialias=True, autoDraw=False, autoLog=True, bold=False, color=array([1, 1, 1]), colorSpace='rgb', contrast=1.0, depth=0.0, flipHoriz=False, flipVert=False, font='Open Sans', fontFiles=[], height=0.05, italic=False, languageStyle='LTR', name='text_2', opacity=1.0, ori=0.0, pos=array([0., 0.]), rgb=UNKNOWN, text=str(...), units='height', win=Window(...), wrapWidth=1)
23.3660 	EXP 	Created exit_Text = TextStim(__class__=<class 'psychopy.visual.text.TextStim'>, alignHoriz=method-wrapper(...), alignText='center', alignVert=method-wrapper(...), anchorHoriz='center', anchorVert='center', antialias=True, autoDraw=False, autoLog=True, bold=False, color=array([1, 1, 1]), colorSpace='rgb', contrast=1.0, depth=0.0, flipHoriz=False, flipVert=False, font='Open Sans', fontFiles=[], height=0.05, italic=False, languageStyle='LTR', name='exit_Text', opacity=1.0, ori=0.0, pos=array([0.  , 0.45]), rgb=UNKNOWN, text=str(...), units='height', win=Window(...), wrapWidth=1)
23.4524 	EXP 	Created image1 = ImageStim(__class__=<class 'psychopy.visual.image.ImageStim'>, anchor=('center', 'center'), autoLog=True, color=array([1, 1, 1]), colorSpace='rgb', contrast=1.0, depth=-2.0, flipHoriz=False, flipVert=False, image='images_RO_Sal/Landmark1.png', interpolate=True, mask=None, maskParams=None, name='image1', opacity=1.0, ori=0.0, pos=array([-0.5,  0.3]), size=array([0.2, 0.2]), texRes=128.0, units='height', win=Window(...))
23.5013 	EXP 	Created image2 = ImageStim(__class__=<class 'psychopy.visual.image.ImageStim'>, anchor=('center', 'center'), autoLog=True, color=array([1, 1, 1]), colorSpace='rgb', contrast=1.0, depth=-4.0, flipHoriz=False, flipVert=False, image='images_RO_Sal/Landmark2.png', interpolate=True, mask=None, maskParams=None, name='image2', opacity=1.0, ori=0.0, pos=array([0., 0.]), size=array([0.5, 0.5]), texRes=128.0, units='height', win=Window(...))
23.5366 	EXP 	Created image3 = ImageStim(__class__=<class 'psychopy.visual.image.ImageStim'>, anchor=('center', 'center'), autoLog=True, color=array([1, 1, 1]), colorSpace='rgb', contrast=1.0, depth=-6.0, flipHoriz=False, flipVert=False, image='images_RO_Sal/Landmark3.png', interpolate=True, mask=None, maskParams=None, name='image3', opacity=1.0, ori=0.0, pos=array([0. , 0.3]), size=array([0.2, 0.2]), texRes=128.0, units='height', win=Window(...))
23.5776 	EXP 	Created image4 = ImageStim(__class__=<class 'psychopy.visual.image.ImageStim'>, anchor=('center', 'center'), autoLog=True, color=array([1, 1, 1]), colorSpace='rgb', contrast=1.0, depth=-8.0, flipHoriz=False, flipVert=False, image='images_RO_Sal/Landmark4.png', interpolate=True, mask=None, maskParams=None, name='image4', opacity=1.0, ori=0.0, pos=array([0.25, 0.3 ]), size=array([0.2, 0.2]), texRes=128.0, units='height', win=Window(...))
23.6146 	EXP 	Created image5 = ImageStim(__class__=<class 'psychopy.visual.image.ImageStim'>, anchor=('center', 'center'), autoLog=True, color=array([1, 1, 1]), colorSpace='rgb', contrast=1.0, depth=-10.0, flipHoriz=False, flipVert=False, image='images_RO_Sal/Landmark5.png', interpolate=True, mask=None, maskParams=None, name='image5', opacity=1.0, ori=0.0, pos=array([0.5, 0.3]), size=array([0.2, 0.2]), texRes=128.0, units='height', win=Window(...))
23.6561 	EXP 	Created image6 = ImageStim(__class__=<class 'psychopy.visual.image.ImageStim'>, anchor=('center', 'center'), autoLog=True, color=array([1, 1, 1]), colorSpace='rgb', contrast=1.0, depth=-12.0, flipHoriz=False, flipVert=False, image='images_RO_Sal/Landmark6.png', interpolate=True, mask=None, maskParams=None, name='image6', opacity=1.0, ori=0.0, pos=array([-0.5,  0. ]), size=array([0.2, 0.2]), texRes=128.0, units='height', win=Window(...))
23.7001 	EXP 	Created image7 = ImageStim(__class__=<class 'psychopy.visual.image.ImageStim'>, anchor=('center', 'center'), autoLog=True, color=array([1, 1, 1]), colorSpace='rgb', contrast=1.0, depth=-14.0, flipHoriz=False, flipVert=False, image='images_RO_Sal/Landmark7.png', interpolate=True, mask=None, maskParams=None, name='image7', opacity=1.0, ori=0.0, pos=array([-0.25,  0.  ]), size=array([0.2, 0.2]), texRes=128.0, units='height', win=Window(...))
23.7416 	EXP 	Created image8 = ImageStim(__class__=<class 'psychopy.visual.image.ImageStim'>, anchor=('center', 'center'), autoLog=True, color=array([1, 1, 1]), colorSpace='rgb', contrast=1.0, depth=-16.0, flipHoriz=False, flipVert=False, image='images_RO_Sal/Landmark8.png', interpolate=True, mask=None, maskParams=None, name='image8', opacity=1.0, ori=0.0, pos=array([0., 0.]), size=array([0.2, 0.2]), texRes=128.0, units='height', win=Window(...))
23.7789 	EXP 	Created image9 = ImageStim(__class__=<class 'psychopy.visual.image.ImageStim'>, anchor=('center', 'center'), autoLog=True, color=array([1, 1, 1]), colorSpace='rgb', contrast=1.0, depth=-18.0, flipHoriz=False, flipVert=False, image='images_RO_Sal/Landmark9.png', interpolate=True, mask=None, maskParams=None, name='image9', opacity=1.0, ori=0.0, pos=array([0.25, 0.  ]), size=array([0.2, 0.2]), texRes=128.0, units='height', win=Window(...))
23.8194 	EXP 	Created image10 = ImageStim(__class__=<class 'psychopy.visual.image.ImageStim'>, anchor=('center', 'center'), autoLog=True, color=array([1, 1, 1]), colorSpace='rgb', contrast=1.0, depth=-20.0, flipHoriz=False, flipVert=False, image='images_RO_Sal/Landmark10.png', interpolate=True, mask=None, maskParams=None, name='image10', opacity=1.0, ori=0.0, pos=array([0.5, 0. ]), size=array([0.2, 0.2]), texRes=128.0, units='height', win=Window(...))
23.8570 	EXP 	Created image11 = ImageStim(__class__=<class 'psychopy.visual.image.ImageStim'>, anchor=('center', 'center'), autoLog=True, color=array([1, 1, 1]), colorSpace='rgb', contrast=1.0, depth=-22.0, flipHoriz=False, flipVert=False, image='images_RO_Sal/Landmark11.png', interpolate=True, mask=None, maskParams=None, name='image11', opacity=1.0, ori=0.0, pos=array([-0.5, -0.3]), size=array([0.2, 0.2]), texRes=128.0, units='height', win=Window(...))
23.8967 	EXP 	Created image12 = ImageStim(__class__=<class 'psychopy.visual.image.ImageStim'>, anchor=('center', 'center'), autoLog=True, color=array([1, 1, 1]), colorSpace='rgb', contrast=1.0, depth=-24.0, flipHoriz=False, flipVert=False, image='images_RO_Sal/Landmark12.png', interpolate=True, mask=None, maskParams=None, name='image12', opacity=1.0, ori=0.0, pos=array([-0.25, -0.3 ]), size=array([0.2, 0.2]), texRes=128.0, units='height', win=Window(...))
23.9350 	EXP 	Created image13 = ImageStim(__class__=<class 'psychopy.visual.image.ImageStim'>, anchor=('center', 'center'), autoLog=True, color=array([1, 1, 1]), colorSpace='rgb', contrast=1.0, depth=-26.0, flipHoriz=False, flipVert=False, image='images_RO_Sal/Landmark13.png', interpolate=True, mask=None, maskParams=None, name='image13', opacity=1.0, ori=0.0, pos=array([ 0. , -0.3]), size=array([0.2, 0.2]), texRes=128.0, units='height', win=Window(...))
23.9754 	EXP 	Created image14 = ImageStim(__class__=<class 'psychopy.visual.image.ImageStim'>, anchor=('center', 'center'), autoLog=True, color=array([1, 1, 1]), colorSpace='rgb', contrast=1.0, depth=-28.0, flipHoriz=False, flipVert=False, image='images_RO_Sal/Landmark14.png', interpolate=True, mask=None, maskParams=None, name='image14', opacity=1.0, ori=0.0, pos=array([ 0.25, -0.3 ]), size=array([0.2, 0.2]), texRes=128.0, units='height', win=Window(...))
24.0079 	EXP 	Created image15 = ImageStim(__class__=<class 'psychopy.visual.image.ImageStim'>, anchor=('center', 'center'), autoLog=True, color=array([1, 1, 1]), colorSpace='rgb', contrast=1.0, depth=-29.0, flipHoriz=False, flipVert=False, image='images_RO_Sal/Landmark15.png', interpolate=True, mask=None, maskParams=None, name='image15', opacity=1.0, ori=0.0, pos=array([ 0.5, -0.3]), size=array([0.2, 0.2]), texRes=128.0, units='height', win=Window(...))
24.0219 	EXP 	Created text_3 = TextStim(__class__=<class 'psychopy.visual.text.TextStim'>, alignHoriz=method-wrapper(...), alignText='center', alignVert=method-wrapper(...), anchorHoriz='center', anchorVert='center', antialias=True, autoDraw=False, autoLog=True, bold=False, color=array([1, 1, 1]), colorSpace='rgb', contrast=1.0, depth=0.0, flipHoriz=False, flipVert=False, font='Open Sans', fontFiles=[], height=0.05, italic=False, languageStyle='LTR', name='text_3', opacity=1.0, ori=0.0, pos=array([0., 0.]), rgb=UNKNOWN, text=str(...), units='height', win=Window(...), wrapWidth=1)
24.0527 	EXP 	textbox1: autoLog = True
24.0527 	EXP 	textbox2: autoLog = True
24.0527 	EXP 	textbox3: autoLog = True
24.0527 	EXP 	textbox4: autoLog = True
24.0527 	EXP 	textbox5: autoLog = True
24.0527 	EXP 	textbox6: autoLog = True
24.0527 	EXP 	textbox7: autoLog = True
24.0527 	EXP 	textbox8: autoLog = True
24.0527 	EXP 	textbox9: autoLog = True
24.0527 	EXP 	textbox10: autoLog = True
24.0527 	EXP 	textbox11: autoLog = True
24.0527 	EXP 	textbox12: autoLog = True
24.0527 	EXP 	textbox13: autoLog = True
24.0527 	EXP 	textbox15: autoLog = True
24.0527 	EXP 	text: autoDraw = True
26.0505 	EXP 	text: autoDraw = False
26.0505 	EXP 	text_2: autoDraw = True
33.8595 	DATA 	Keypress: space
33.8969 	EXP 	text_2: autoDraw = False
33.8969 	EXP 	exit_Text: autoDraw = True
33.8969 	EXP 	image1: autoDraw = True
33.8969 	EXP 	textbox1: autoDraw = True
33.8969 	EXP 	image2: autoDraw = True
33.8969 	EXP 	textbox2: autoDraw = True
33.8969 	EXP 	image3: autoDraw = True
33.8969 	EXP 	textbox3: autoDraw = True
33.8969 	EXP 	image4: autoDraw = True
33.8969 	EXP 	textbox4: autoDraw = True
33.8969 	EXP 	image5: autoDraw = True
33.8969 	EXP 	textbox5: autoDraw = True
33.8969 	EXP 	image6: autoDraw = True
33.8969 	EXP 	textbox6: autoDraw = True
33.8969 	EXP 	image7: autoDraw = True
33.8969 	EXP 	textbox7: autoDraw = True
33.8969 	EXP 	image8: autoDraw = True
33.8969 	EXP 	textbox8: autoDraw = True
33.8969 	EXP 	image9: autoDraw = True
33.8969 	EXP 	textbox9: autoDraw = True
33.8969 	EXP 	image10: autoDraw = True
33.8969 	EXP 	textbox10: autoDraw = True
33.8969 	EXP 	image11: autoDraw = True
33.8969 	EXP 	textbox11: autoDraw = True
33.8969 	EXP 	image12: autoDraw = True
33.8969 	EXP 	textbox12: autoDraw = True
33.8969 	EXP 	image13: autoDraw = True
33.8969 	EXP 	textbox13: autoDraw = True
33.8969 	EXP 	image14: autoDraw = True
33.8969 	EXP 	image15: autoDraw = True
33.8969 	EXP 	textbox15: autoDraw = True
48.4341 	DATA 	Keypress: escape
49.4312 	EXP 	window1: mouseVisible = True
