5.3604 	WARNING 	We strongly recommend you activate the PTB sound engine in PsychoPy prefs as the preferred audio engine. Its timing is vastly superior. Your prefs are currently set to use ['sounddevice', 'PTB', 'pyo', 'pygame'] (in that order).
11.6191 	WARNING 	User requested fullscreen with size [1024  768], but screen is actually [1680, 1050]. Using actual size
13.9380 	WARNING 	Couldn't measure a consistent frame rate!
  - Is your graphics card set to sync to vertical blank?
  - Are you running other processes on your computer?

13.9401 	EXP 	Created window1 = Window(allowGUI=True, allowStencil=False, autoLog=True, backendConf=UNKNOWN, bitsMode=UNKNOWN, blendMode='avg', bpc=(8, 8, 8), color=array([0, 0, 0]), colorSpace='rgb', depthBits=8, fullscr=<method-wrapper '__getattribute__' of attributeSetter object at 0x7fedaf62c9a0>, gamma=None, gammaErrorPolicy='raise', lms=UNKNOWN, monitor=<psychopy.monitors.calibTools.Monitor object at 0x7fed7cc64910>, multiSample=False, name='window1', numSamples=2, pos=[420.0, 262.5], screen=0, size=array([3360, 2100]), stencilBits=0, stereo=False, units='height', useFBO=True, useRetina=True, viewOri=0.0, viewPos=None, viewScale=None, waitBlanking=True, winType='pyglet')
13.9406 	EXP 	window1: mouseVisible = True
13.9425 	EXP 	window1: mouseVisible = False
13.9425 	EXP 	window1: Attempting to measure frame rate of screen (0) ...
13.9426 	EXP 	window1: recordFrameIntervals = False
14.1098 	EXP 	window1: recordFrameIntervals = True
14.1419 	WARNING 	t of last frame was 20.28ms (=1/49)
14.1747 	WARNING 	t of last frame was 20.72ms (=1/48)
14.3425 	WARNING 	t of last frame was 21.46ms (=1/46)
14.3758 	WARNING 	t of last frame was 21.07ms (=1/47)
14.4096 	WARNING 	Multiple dropped frames have occurred - I'll stop bothering you about them!
15.7388 	WARNING 	Couldn't measure a consistent frame rate!
  - Is your graphics card set to sync to vertical blank?
  - Are you running other processes on your computer?

19.7263 	EXP 	Created text = TextStim(__class__=<class 'psychopy.visual.text.TextStim'>, alignHoriz=method-wrapper(...), alignText='center', alignVert=method-wrapper(...), anchorHoriz='center', anchorVert='center', antialias=True, autoDraw=False, autoLog=True, bold=False, color=array([1, 1, 1]), colorSpace='rgb', contrast=1.0, depth=0.0, flipHoriz=False, flipVert=False, font='Open Sans', fontFiles=[], height=0.05, italic=False, languageStyle='LTR', name='text', opacity=1.0, ori=0.0, pos=array([0., 0.]), rgb=UNKNOWN, text='Welcome to the Salience Rank Ordering Task ', units='height', win=Window(...), wrapWidth=1)
19.7462 	EXP 	Created text_2 = TextStim(__class__=<class 'psychopy.visual.text.TextStim'>, alignHoriz=method-wrapper(...), alignText='center', alignVert=method-wrapper(...), anchorHoriz='center', anchorVert='center', antialias=True, autoDraw=False, autoLog=True, bold=False, color=array([1, 1, 1]), colorSpace='rgb', contrast=1.0, depth=0.0, flipHoriz=False, flipVert=False, font='Open Sans', fontFiles=[], height=0.05, italic=False, languageStyle='LTR', name='text_2', opacity=1.0, ori=0.0, pos=array([0., 0.]), rgb=UNKNOWN, text=str(...), units='height', win=Window(...), wrapWidth=1)
19.7520 	EXP 	Created exit_Text = TextStim(__class__=<class 'psychopy.visual.text.TextStim'>, alignHoriz=method-wrapper(...), alignText='center', alignVert=method-wrapper(...), anchorHoriz='center', anchorVert='center', antialias=True, autoDraw=False, autoLog=True, bold=False, color=array([1, 1, 1]), colorSpace='rgb', contrast=1.0, depth=0.0, flipHoriz=False, flipVert=False, font='Open Sans', fontFiles=[], height=0.05, italic=False, languageStyle='LTR', name='exit_Text', opacity=1.0, ori=0.0, pos=array([0.  , 0.45]), rgb=UNKNOWN, text=str(...), units='height', win=Window(...), wrapWidth=1)
19.8243 	EXP 	Created image1 = ImageStim(__class__=<class 'psychopy.visual.image.ImageStim'>, anchor=('center', 'center'), autoLog=True, color=array([1, 1, 1]), colorSpace='rgb', contrast=1.0, depth=-2.0, flipHoriz=False, flipVert=False, image='images_RO_Sal/Landmark1.png', interpolate=True, mask=None, maskParams=None, name='image1', opacity=1.0, ori=0.0, pos=array([-0.5,  0.3]), size=array([0.2, 0.2]), texRes=128.0, units='height', win=Window(...))
19.8703 	EXP 	Created image2 = ImageStim(__class__=<class 'psychopy.visual.image.ImageStim'>, anchor=('center', 'center'), autoLog=True, color=array([1, 1, 1]), colorSpace='rgb', contrast=1.0, depth=-4.0, flipHoriz=False, flipVert=False, image='images_RO_Sal/Landmark2.png', interpolate=True, mask=None, maskParams=None, name='image2', opacity=1.0, ori=0.0, pos=array([-0.25,  0.3 ]), size=array([0.2, 0.2]), texRes=128.0, units='height', win=Window(...))
19.9095 	EXP 	Created image3 = ImageStim(__class__=<class 'psychopy.visual.image.ImageStim'>, anchor=('center', 'center'), autoLog=True, color=array([1, 1, 1]), colorSpace='rgb', contrast=1.0, depth=-6.0, flipHoriz=False, flipVert=False, image='images_RO_Sal/Landmark3.png', interpolate=True, mask=None, maskParams=None, name='image3', opacity=1.0, ori=0.0, pos=array([0. , 0.3]), size=array([0.2, 0.2]), texRes=128.0, units='height', win=Window(...))
19.9502 	EXP 	Created image4 = ImageStim(__class__=<class 'psychopy.visual.image.ImageStim'>, anchor=('center', 'center'), autoLog=True, color=array([1, 1, 1]), colorSpace='rgb', contrast=1.0, depth=-8.0, flipHoriz=False, flipVert=False, image='images_RO_Sal/Landmark4.png', interpolate=True, mask=None, maskParams=None, name='image4', opacity=1.0, ori=0.0, pos=array([0.25, 0.3 ]), size=array([0.2, 0.2]), texRes=128.0, units='height', win=Window(...))
19.9901 	EXP 	Created image5 = ImageStim(__class__=<class 'psychopy.visual.image.ImageStim'>, anchor=('center', 'center'), autoLog=True, color=array([1, 1, 1]), colorSpace='rgb', contrast=1.0, depth=-10.0, flipHoriz=False, flipVert=False, image='images_RO_Sal/Landmark5.png', interpolate=True, mask=None, maskParams=None, name='image5', opacity=1.0, ori=0.0, pos=array([0.5, 0.3]), size=array([0.2, 0.2]), texRes=128.0, units='height', win=Window(...))
20.0383 	EXP 	Created image6 = ImageStim(__class__=<class 'psychopy.visual.image.ImageStim'>, anchor=('center', 'center'), autoLog=True, color=array([1, 1, 1]), colorSpace='rgb', contrast=1.0, depth=-12.0, flipHoriz=False, flipVert=False, image='images_RO_Sal/Landmark6.png', interpolate=True, mask=None, maskParams=None, name='image6', opacity=1.0, ori=0.0, pos=array([-0.5,  0. ]), size=array([0.2, 0.2]), texRes=128.0, units='height', win=Window(...))
20.0787 	EXP 	Created image7 = ImageStim(__class__=<class 'psychopy.visual.image.ImageStim'>, anchor=('center', 'center'), autoLog=True, color=array([1, 1, 1]), colorSpace='rgb', contrast=1.0, depth=-14.0, flipHoriz=False, flipVert=False, image='images_RO_Sal/Landmark7.png', interpolate=True, mask=None, maskParams=None, name='image7', opacity=1.0, ori=0.0, pos=array([-0.25,  0.  ]), size=array([0.2, 0.2]), texRes=128.0, units='height', win=Window(...))
20.1191 	EXP 	Created image8 = ImageStim(__class__=<class 'psychopy.visual.image.ImageStim'>, anchor=('center', 'center'), autoLog=True, color=array([1, 1, 1]), colorSpace='rgb', contrast=1.0, depth=-16.0, flipHoriz=False, flipVert=False, image='images_RO_Sal/Landmark8.png', interpolate=True, mask=None, maskParams=None, name='image8', opacity=1.0, ori=0.0, pos=array([0., 0.]), size=array([0.2, 0.2]), texRes=128.0, units='height', win=Window(...))
20.1589 	EXP 	Created image9 = ImageStim(__class__=<class 'psychopy.visual.image.ImageStim'>, anchor=('center', 'center'), autoLog=True, color=array([1, 1, 1]), colorSpace='rgb', contrast=1.0, depth=-18.0, flipHoriz=False, flipVert=False, image='images_RO_Sal/Landmark9.png', interpolate=True, mask=None, maskParams=None, name='image9', opacity=1.0, ori=0.0, pos=array([0.25, 0.  ]), size=array([0.2, 0.2]), texRes=128.0, units='height', win=Window(...))
20.1997 	EXP 	Created image10 = ImageStim(__class__=<class 'psychopy.visual.image.ImageStim'>, anchor=('center', 'center'), autoLog=True, color=array([1, 1, 1]), colorSpace='rgb', contrast=1.0, depth=-20.0, flipHoriz=False, flipVert=False, image='images_RO_Sal/Landmark10.png', interpolate=True, mask=None, maskParams=None, name='image10', opacity=1.0, ori=0.0, pos=array([0.5, 0. ]), size=array([0.2, 0.2]), texRes=128.0, units='height', win=Window(...))
20.2387 	EXP 	Created image11 = ImageStim(__class__=<class 'psychopy.visual.image.ImageStim'>, anchor=('center', 'center'), autoLog=True, color=array([1, 1, 1]), colorSpace='rgb', contrast=1.0, depth=-22.0, flipHoriz=False, flipVert=False, image='images_RO_Sal/Landmark11.png', interpolate=True, mask=None, maskParams=None, name='image11', opacity=1.0, ori=0.0, pos=array([-0.5, -0.3]), size=array([0.2, 0.2]), texRes=128.0, units='height', win=Window(...))
20.2804 	EXP 	Created image12 = ImageStim(__class__=<class 'psychopy.visual.image.ImageStim'>, anchor=('center', 'center'), autoLog=True, color=array([1, 1, 1]), colorSpace='rgb', contrast=1.0, depth=-24.0, flipHoriz=False, flipVert=False, image='images_RO_Sal/Landmark12.png', interpolate=True, mask=None, maskParams=None, name='image12', opacity=1.0, ori=0.0, pos=array([-0.25, -0.3 ]), size=array([0.2, 0.2]), texRes=128.0, units='height', win=Window(...))
20.3198 	EXP 	Created image13 = ImageStim(__class__=<class 'psychopy.visual.image.ImageStim'>, anchor=('center', 'center'), autoLog=True, color=array([1, 1, 1]), colorSpace='rgb', contrast=1.0, depth=-26.0, flipHoriz=False, flipVert=False, image='images_RO_Sal/Landmark13.png', interpolate=True, mask=None, maskParams=None, name='image13', opacity=1.0, ori=0.0, pos=array([ 0. , -0.3]), size=array([0.2, 0.2]), texRes=128.0, units='height', win=Window(...))
20.3613 	EXP 	Created image14 = ImageStim(__class__=<class 'psychopy.visual.image.ImageStim'>, anchor=('center', 'center'), autoLog=True, color=array([1, 1, 1]), colorSpace='rgb', contrast=1.0, depth=-28.0, flipHoriz=False, flipVert=False, image='images_RO_Sal/Landmark14.png', interpolate=True, mask=None, maskParams=None, name='image14', opacity=1.0, ori=0.0, pos=array([ 0.25, -0.3 ]), size=array([0.2, 0.2]), texRes=128.0, units='height', win=Window(...))
20.3958 	EXP 	Created image15 = ImageStim(__class__=<class 'psychopy.visual.image.ImageStim'>, anchor=('center', 'center'), autoLog=True, color=array([1, 1, 1]), colorSpace='rgb', contrast=1.0, depth=-29.0, flipHoriz=False, flipVert=False, image='images_RO_Sal/Landmark15.png', interpolate=True, mask=None, maskParams=None, name='image15', opacity=1.0, ori=0.0, pos=array([ 0.5, -0.3]), size=array([0.2, 0.2]), texRes=128.0, units='height', win=Window(...))
20.4150 	EXP 	Created text_3 = TextStim(__class__=<class 'psychopy.visual.text.TextStim'>, alignHoriz=method-wrapper(...), alignText='center', alignVert=method-wrapper(...), anchorHoriz='center', anchorVert='center', antialias=True, autoDraw=False, autoLog=True, bold=False, color=array([1, 1, 1]), colorSpace='rgb', contrast=1.0, depth=0.0, flipHoriz=False, flipVert=False, font='Open Sans', fontFiles=[], height=0.05, italic=False, languageStyle='LTR', name='text_3', opacity=1.0, ori=0.0, pos=array([0., 0.]), rgb=UNKNOWN, text=str(...), units='height', win=Window(...), wrapWidth=1)
20.4349 	EXP 	textbox1: autoLog = True
20.4349 	EXP 	textbox2: autoLog = True
20.4349 	EXP 	textbox3: autoLog = True
20.4349 	EXP 	textbox4: autoLog = True
20.4349 	EXP 	textbox5: autoLog = True
20.4349 	EXP 	textbox6: autoLog = True
20.4349 	EXP 	textbox7: autoLog = True
20.4349 	EXP 	textbox8: autoLog = True
20.4349 	EXP 	textbox9: autoLog = True
20.4349 	EXP 	textbox10: autoLog = True
20.4349 	EXP 	textbox11: autoLog = True
20.4349 	EXP 	textbox12: autoLog = True
20.4349 	EXP 	textbox13: autoLog = True
20.4349 	EXP 	textbox15: autoLog = True
20.4349 	EXP 	textbox14: autoLog = True
20.4349 	EXP 	text: autoDraw = True
22.4517 	EXP 	text: autoDraw = False
22.4517 	EXP 	text_2: autoDraw = True
23.2658 	DATA 	Keypress: space
23.2840 	EXP 	text_2: autoDraw = False
23.2840 	EXP 	exit_Text: autoDraw = True
23.2840 	EXP 	image1: autoDraw = True
23.2840 	EXP 	textbox1: autoDraw = True
23.2840 	EXP 	image2: autoDraw = True
23.2840 	EXP 	textbox2: autoDraw = True
23.2840 	EXP 	image3: autoDraw = True
23.2840 	EXP 	textbox3: autoDraw = True
23.2840 	EXP 	image4: autoDraw = True
23.2840 	EXP 	textbox4: autoDraw = True
23.2840 	EXP 	image5: autoDraw = True
23.2840 	EXP 	textbox5: autoDraw = True
23.2840 	EXP 	image6: autoDraw = True
23.2840 	EXP 	textbox6: autoDraw = True
23.2840 	EXP 	image7: autoDraw = True
23.2840 	EXP 	textbox7: autoDraw = True
23.2840 	EXP 	image8: autoDraw = True
23.2840 	EXP 	textbox8: autoDraw = True
23.2840 	EXP 	image9: autoDraw = True
23.2840 	EXP 	textbox9: autoDraw = True
23.2840 	EXP 	image10: autoDraw = True
23.2840 	EXP 	textbox10: autoDraw = True
23.2840 	EXP 	image11: autoDraw = True
23.2840 	EXP 	textbox11: autoDraw = True
23.2840 	EXP 	image12: autoDraw = True
23.2840 	EXP 	textbox12: autoDraw = True
23.2840 	EXP 	image13: autoDraw = True
23.2840 	EXP 	textbox13: autoDraw = True
23.2840 	EXP 	image14: autoDraw = True
23.2840 	EXP 	image15: autoDraw = True
23.2840 	EXP 	textbox15: autoDraw = True
23.2840 	EXP 	textbox14: autoDraw = True
40.2074 	DATA 	Keypress: space
41.1762 	DATA 	Keypress: space
42.4926 	DATA 	Keypress: backspace
42.6515 	DATA 	Keypress: backspace
42.8852 	DATA 	Keypress: backspace
43.1646 	DATA 	Keypress: backspace
43.8773 	DATA 	Keypress: return
43.9142 	EXP 	exit_Text: autoDraw = False
43.9142 	EXP 	image1: autoDraw = False
43.9142 	EXP 	textbox1: autoDraw = False
43.9142 	EXP 	image2: autoDraw = False
43.9142 	EXP 	textbox2: autoDraw = False
43.9142 	EXP 	image3: autoDraw = False
43.9142 	EXP 	textbox3: autoDraw = False
43.9142 	EXP 	image4: autoDraw = False
43.9142 	EXP 	textbox4: autoDraw = False
43.9142 	EXP 	image5: autoDraw = False
43.9142 	EXP 	textbox5: autoDraw = False
43.9142 	EXP 	image6: autoDraw = False
43.9142 	EXP 	textbox6: autoDraw = False
43.9142 	EXP 	image7: autoDraw = False
43.9142 	EXP 	textbox7: autoDraw = False
43.9142 	EXP 	image8: autoDraw = False
43.9142 	EXP 	textbox8: autoDraw = False
43.9142 	EXP 	image9: autoDraw = False
43.9142 	EXP 	textbox9: autoDraw = False
43.9142 	EXP 	image10: autoDraw = False
43.9142 	EXP 	textbox10: autoDraw = False
43.9142 	EXP 	image11: autoDraw = False
43.9142 	EXP 	textbox11: autoDraw = False
43.9142 	EXP 	image12: autoDraw = False
43.9142 	EXP 	textbox12: autoDraw = False
43.9142 	EXP 	image13: autoDraw = False
43.9142 	EXP 	textbox13: autoDraw = False
43.9142 	EXP 	image14: autoDraw = False
43.9142 	EXP 	image15: autoDraw = False
43.9142 	EXP 	textbox15: autoDraw = False
43.9142 	EXP 	textbox14: autoDraw = False
43.9142 	EXP 	text_3: autoDraw = True
47.9205 	EXP 	text_3: autoDraw = False
48.4576 	EXP 	window1: mouseVisible = True
