6.2541 	WARNING 	We strongly recommend you activate the PTB sound engine in PsychoPy prefs as the preferred audio engine. Its timing is vastly superior. Your prefs are currently set to use ['sounddevice', 'PTB', 'pyo', 'pygame'] (in that order).
14.8200 	WARNING 	User requested fullscreen with size [1024  768], but screen is actually [1680, 1050]. Using actual size
17.2111 	WARNING 	Couldn't measure a consistent frame rate!
  - Is your graphics card set to sync to vertical blank?
  - Are you running other processes on your computer?

17.2115 	EXP 	Created window1 = Window(allowGUI=True, allowStencil=False, autoLog=True, backendConf=UNKNOWN, bitsMode=UNKNOWN, blendMode='avg', bpc=(8, 8, 8), color=array([0, 0, 0]), colorSpace='rgb', depthBits=8, fullscr=<method-wrapper '__getattribute__' of attributeSetter object at 0x7fef524eabe0>, gamma=None, gammaErrorPolicy='raise', lms=UNKNOWN, monitor=<psychopy.monitors.calibTools.Monitor object at 0x7fef1ef27940>, multiSample=False, name='window1', numSamples=2, pos=[420.0, 262.5], screen=0, size=array([3360, 2100]), stencilBits=0, stereo=False, units='height', useFBO=True, useRetina=True, viewOri=0.0, viewPos=None, viewScale=None, waitBlanking=True, winType='pyglet')
17.2118 	EXP 	window1: mouseVisible = True
17.2127 	EXP 	window1: mouseVisible = False
17.2128 	EXP 	window1: Attempting to measure frame rate of screen (0) ...
17.2128 	EXP 	window1: recordFrameIntervals = False
17.3639 	EXP 	window1: recordFrameIntervals = True
17.4215 	WARNING 	t of last frame was 25.91ms (=1/38)
17.6055 	WARNING 	t of last frame was 26.08ms (=1/38)
17.9881 	WARNING 	t of last frame was 25.83ms (=1/38)
18.2046 	WARNING 	t of last frame was 25.63ms (=1/39)
18.3550 	WARNING 	Multiple dropped frames have occurred - I'll stop bothering you about them!
19.0137 	WARNING 	Couldn't measure a consistent frame rate!
  - Is your graphics card set to sync to vertical blank?
  - Are you running other processes on your computer?

23.2158 	EXP 	Created text = TextStim(__class__=<class 'psychopy.visual.text.TextStim'>, alignHoriz=method-wrapper(...), alignText='center', alignVert=method-wrapper(...), anchorHoriz='center', anchorVert='center', antialias=True, autoDraw=False, autoLog=True, bold=False, color=array([1, 1, 1]), colorSpace='rgb', contrast=1.0, depth=0.0, flipHoriz=False, flipVert=False, font='Open Sans', fontFiles=[], height=0.05, italic=False, languageStyle='LTR', name='text', opacity=1.0, ori=0.0, pos=array([0., 0.]), rgb=UNKNOWN, text='Welcome to the Salience Rank Ordering Task ', units='height', win=Window(...), wrapWidth=1)
23.2357 	EXP 	Created text_2 = TextStim(__class__=<class 'psychopy.visual.text.TextStim'>, alignHoriz=method-wrapper(...), alignText='center', alignVert=method-wrapper(...), anchorHoriz='center', anchorVert='center', antialias=True, autoDraw=False, autoLog=True, bold=False, color=array([1, 1, 1]), colorSpace='rgb', contrast=1.0, depth=0.0, flipHoriz=False, flipVert=False, font='Open Sans', fontFiles=[], height=0.05, italic=False, languageStyle='LTR', name='text_2', opacity=1.0, ori=0.0, pos=array([0., 0.]), rgb=UNKNOWN, text=str(...), units='height', win=Window(...), wrapWidth=1)
23.2417 	EXP 	Created exit_Text = TextStim(__class__=<class 'psychopy.visual.text.TextStim'>, alignHoriz=method-wrapper(...), alignText='center', alignVert=method-wrapper(...), anchorHoriz='center', anchorVert='center', antialias=True, autoDraw=False, autoLog=True, bold=False, color=array([1, 1, 1]), colorSpace='rgb', contrast=1.0, depth=0.0, flipHoriz=False, flipVert=False, font='Open Sans', fontFiles=[], height=0.05, italic=False, languageStyle='LTR', name='exit_Text', opacity=1.0, ori=0.0, pos=array([0.  , 0.45]), rgb=UNKNOWN, text=str(...), units='height', win=Window(...), wrapWidth=1)
23.2915 	EXP 	Created image1 = ImageStim(__class__=<class 'psychopy.visual.image.ImageStim'>, anchor=('center', 'center'), autoLog=True, color=array([1, 1, 1]), colorSpace='rgb', contrast=1.0, depth=-2.0, flipHoriz=False, flipVert=False, image='images_RO_Sal/Landmark1.png', interpolate=True, mask=None, maskParams=None, name='image1', opacity=1.0, ori=0.0, pos=array([-0.5,  0.3]), size=array([0.2, 0.2]), texRes=128.0, units='height', win=Window(...))
23.3304 	EXP 	Created image2 = ImageStim(__class__=<class 'psychopy.visual.image.ImageStim'>, anchor=('center', 'center'), autoLog=True, color=array([1, 1, 1]), colorSpace='rgb', contrast=1.0, depth=-4.0, flipHoriz=False, flipVert=False, image='images_RO_Sal/Landmark2.png', interpolate=True, mask=None, maskParams=None, name='image2', opacity=1.0, ori=0.0, pos=array([-0.25,  0.3 ]), size=array([0.2, 0.2]), texRes=128.0, units='height', win=Window(...))
23.3651 	EXP 	Created image3 = ImageStim(__class__=<class 'psychopy.visual.image.ImageStim'>, anchor=('center', 'center'), autoLog=True, color=array([1, 1, 1]), colorSpace='rgb', contrast=1.0, depth=-6.0, flipHoriz=False, flipVert=False, image='images_RO_Sal/Landmark3.png', interpolate=True, mask=None, maskParams=None, name='image3', opacity=1.0, ori=0.0, pos=array([0. , 0.3]), size=array([0.2, 0.2]), texRes=128.0, units='height', win=Window(...))
23.4004 	EXP 	Created image4 = ImageStim(__class__=<class 'psychopy.visual.image.ImageStim'>, anchor=('center', 'center'), autoLog=True, color=array([1, 1, 1]), colorSpace='rgb', contrast=1.0, depth=-8.0, flipHoriz=False, flipVert=False, image='images_RO_Sal/Landmark4.png', interpolate=True, mask=None, maskParams=None, name='image4', opacity=1.0, ori=0.0, pos=array([0.25, 0.3 ]), size=array([0.2, 0.2]), texRes=128.0, units='height', win=Window(...))
23.4376 	EXP 	Created image5 = ImageStim(__class__=<class 'psychopy.visual.image.ImageStim'>, anchor=('center', 'center'), autoLog=True, color=array([1, 1, 1]), colorSpace='rgb', contrast=1.0, depth=-10.0, flipHoriz=False, flipVert=False, image='images_RO_Sal/Landmark5.png', interpolate=True, mask=None, maskParams=None, name='image5', opacity=1.0, ori=0.0, pos=array([0.5, 0.3]), size=array([0.2, 0.2]), texRes=128.0, units='height', win=Window(...))
23.4723 	EXP 	Created image6 = ImageStim(__class__=<class 'psychopy.visual.image.ImageStim'>, anchor=('center', 'center'), autoLog=True, color=array([1, 1, 1]), colorSpace='rgb', contrast=1.0, depth=-12.0, flipHoriz=False, flipVert=False, image='images_RO_Sal/Landmark6.png', interpolate=True, mask=None, maskParams=None, name='image6', opacity=1.0, ori=0.0, pos=array([-0.5,  0. ]), size=array([0.2, 0.2]), texRes=128.0, units='height', win=Window(...))
23.5090 	EXP 	Created image7 = ImageStim(__class__=<class 'psychopy.visual.image.ImageStim'>, anchor=('center', 'center'), autoLog=True, color=array([1, 1, 1]), colorSpace='rgb', contrast=1.0, depth=-14.0, flipHoriz=False, flipVert=False, image='images_RO_Sal/Landmark7.png', interpolate=True, mask=None, maskParams=None, name='image7', opacity=1.0, ori=0.0, pos=array([-0.25,  0.  ]), size=array([0.2, 0.2]), texRes=128.0, units='height', win=Window(...))
23.5495 	EXP 	Created image8 = ImageStim(__class__=<class 'psychopy.visual.image.ImageStim'>, anchor=('center', 'center'), autoLog=True, color=array([1, 1, 1]), colorSpace='rgb', contrast=1.0, depth=-16.0, flipHoriz=False, flipVert=False, image='images_RO_Sal/Landmark8.png', interpolate=True, mask=None, maskParams=None, name='image8', opacity=1.0, ori=0.0, pos=array([0., 0.]), size=array([0.2, 0.2]), texRes=128.0, units='height', win=Window(...))
23.5868 	EXP 	Created image9 = ImageStim(__class__=<class 'psychopy.visual.image.ImageStim'>, anchor=('center', 'center'), autoLog=True, color=array([1, 1, 1]), colorSpace='rgb', contrast=1.0, depth=-18.0, flipHoriz=False, flipVert=False, image='images_RO_Sal/Landmark9.png', interpolate=True, mask=None, maskParams=None, name='image9', opacity=1.0, ori=0.0, pos=array([0.25, 0.  ]), size=array([0.2, 0.2]), texRes=128.0, units='height', win=Window(...))
23.6226 	EXP 	Created image10 = ImageStim(__class__=<class 'psychopy.visual.image.ImageStim'>, anchor=('center', 'center'), autoLog=True, color=array([1, 1, 1]), colorSpace='rgb', contrast=1.0, depth=-20.0, flipHoriz=False, flipVert=False, image='images_RO_Sal/Landmark10.png', interpolate=True, mask=None, maskParams=None, name='image10', opacity=1.0, ori=0.0, pos=array([0.5, 0. ]), size=array([0.2, 0.2]), texRes=128.0, units='height', win=Window(...))
23.6565 	EXP 	Created image11 = ImageStim(__class__=<class 'psychopy.visual.image.ImageStim'>, anchor=('center', 'center'), autoLog=True, color=array([1, 1, 1]), colorSpace='rgb', contrast=1.0, depth=-22.0, flipHoriz=False, flipVert=False, image='images_RO_Sal/Landmark11.png', interpolate=True, mask=None, maskParams=None, name='image11', opacity=1.0, ori=0.0, pos=array([-0.5, -0.3]), size=array([0.2, 0.2]), texRes=128.0, units='height', win=Window(...))
23.7707 	EXP 	Created image12 = ImageStim(__class__=<class 'psychopy.visual.image.ImageStim'>, anchor=('center', 'center'), autoLog=True, color=array([1, 1, 1]), colorSpace='rgb', contrast=1.0, depth=-24.0, flipHoriz=False, flipVert=False, image='images_RO_Sal/Landmark12.png', interpolate=True, mask=None, maskParams=None, name='image12', opacity=1.0, ori=0.0, pos=array([-0.25, -0.3 ]), size=array([0.2, 0.2]), texRes=128.0, units='height', win=Window(...))
23.8125 	EXP 	Created image13 = ImageStim(__class__=<class 'psychopy.visual.image.ImageStim'>, anchor=('center', 'center'), autoLog=True, color=array([1, 1, 1]), colorSpace='rgb', contrast=1.0, depth=-26.0, flipHoriz=False, flipVert=False, image='images_RO_Sal/Landmark13.png', interpolate=True, mask=None, maskParams=None, name='image13', opacity=1.0, ori=0.0, pos=array([ 0. , -0.3]), size=array([0.2, 0.2]), texRes=128.0, units='height', win=Window(...))
23.8598 	EXP 	Created image14 = ImageStim(__class__=<class 'psychopy.visual.image.ImageStim'>, anchor=('center', 'center'), autoLog=True, color=array([1, 1, 1]), colorSpace='rgb', contrast=1.0, depth=-28.0, flipHoriz=False, flipVert=False, image='images_RO_Sal/Landmark14.png', interpolate=True, mask=None, maskParams=None, name='image14', opacity=1.0, ori=0.0, pos=array([ 0.25, -0.3 ]), size=array([0.2, 0.2]), texRes=128.0, units='height', win=Window(...))
23.9014 	EXP 	Created image15 = ImageStim(__class__=<class 'psychopy.visual.image.ImageStim'>, anchor=('center', 'center'), autoLog=True, color=array([1, 1, 1]), colorSpace='rgb', contrast=1.0, depth=-29.0, flipHoriz=False, flipVert=False, image='images_RO_Sal/Landmark15.png', interpolate=True, mask=None, maskParams=None, name='image15', opacity=1.0, ori=0.0, pos=array([ 0.5, -0.3]), size=array([0.2, 0.2]), texRes=128.0, units='height', win=Window(...))
23.9209 	EXP 	Created text_3 = TextStim(__class__=<class 'psychopy.visual.text.TextStim'>, alignHoriz=method-wrapper(...), alignText='center', alignVert=method-wrapper(...), anchorHoriz='center', anchorVert='center', antialias=True, autoDraw=False, autoLog=True, bold=False, color=array([1, 1, 1]), colorSpace='rgb', contrast=1.0, depth=0.0, flipHoriz=False, flipVert=False, font='Open Sans', fontFiles=[], height=0.05, italic=False, languageStyle='LTR', name='text_3', opacity=1.0, ori=0.0, pos=array([0., 0.]), rgb=UNKNOWN, text=str(...), units='height', win=Window(...), wrapWidth=1)
23.9407 	EXP 	textbox1: autoLog = True
23.9407 	EXP 	textbox2: autoLog = True
23.9407 	EXP 	textbox3: autoLog = True
23.9407 	EXP 	textbox4: autoLog = True
23.9407 	EXP 	textbox5: autoLog = True
23.9407 	EXP 	textbox6: autoLog = True
23.9407 	EXP 	textbox7: autoLog = True
23.9407 	EXP 	textbox8: autoLog = True
23.9407 	EXP 	textbox9: autoLog = True
23.9407 	EXP 	textbox10: autoLog = True
23.9407 	EXP 	textbox11: autoLog = True
23.9407 	EXP 	textbox12: autoLog = True
23.9407 	EXP 	textbox13: autoLog = True
23.9407 	EXP 	textbox15: autoLog = True
23.9407 	EXP 	textbox14: autoLog = True
23.9407 	EXP 	text: autoDraw = True
25.9507 	EXP 	text: autoDraw = False
25.9507 	EXP 	text_2: autoDraw = True
27.0534 	DATA 	Keypress: space
27.0712 	EXP 	text_2: autoDraw = False
27.0712 	EXP 	exit_Text: autoDraw = True
27.0712 	EXP 	image1: autoDraw = True
27.0712 	EXP 	textbox1: autoDraw = True
27.0712 	EXP 	image2: autoDraw = True
27.0712 	EXP 	textbox2: autoDraw = True
27.0712 	EXP 	image3: autoDraw = True
27.0712 	EXP 	textbox3: autoDraw = True
27.0712 	EXP 	image4: autoDraw = True
27.0712 	EXP 	textbox4: autoDraw = True
27.0712 	EXP 	image5: autoDraw = True
27.0712 	EXP 	textbox5: autoDraw = True
27.0712 	EXP 	image6: autoDraw = True
27.0712 	EXP 	textbox6: autoDraw = True
27.0712 	EXP 	image7: autoDraw = True
27.0712 	EXP 	textbox7: autoDraw = True
27.0712 	EXP 	image8: autoDraw = True
27.0712 	EXP 	textbox8: autoDraw = True
27.0712 	EXP 	image9: autoDraw = True
27.0712 	EXP 	textbox9: autoDraw = True
27.0712 	EXP 	image10: autoDraw = True
27.0712 	EXP 	textbox10: autoDraw = True
27.0712 	EXP 	image11: autoDraw = True
27.0712 	EXP 	textbox11: autoDraw = True
27.0712 	EXP 	image12: autoDraw = True
27.0712 	EXP 	textbox12: autoDraw = True
27.0712 	EXP 	image13: autoDraw = True
27.0712 	EXP 	textbox13: autoDraw = True
27.0712 	EXP 	image14: autoDraw = True
27.0712 	EXP 	image15: autoDraw = True
27.0712 	EXP 	textbox15: autoDraw = True
27.0712 	EXP 	textbox14: autoDraw = True
33.2633 	DATA 	Keypress: return
33.2798 	EXP 	exit_Text: autoDraw = False
33.2798 	EXP 	image1: autoDraw = False
33.2798 	EXP 	textbox1: autoDraw = False
33.2798 	EXP 	image2: autoDraw = False
33.2798 	EXP 	textbox2: autoDraw = False
33.2798 	EXP 	image3: autoDraw = False
33.2798 	EXP 	textbox3: autoDraw = False
33.2798 	EXP 	image4: autoDraw = False
33.2798 	EXP 	textbox4: autoDraw = False
33.2798 	EXP 	image5: autoDraw = False
33.2798 	EXP 	textbox5: autoDraw = False
33.2798 	EXP 	image6: autoDraw = False
33.2798 	EXP 	textbox6: autoDraw = False
33.2798 	EXP 	image7: autoDraw = False
33.2798 	EXP 	textbox7: autoDraw = False
33.2798 	EXP 	image8: autoDraw = False
33.2798 	EXP 	textbox8: autoDraw = False
33.2798 	EXP 	image9: autoDraw = False
33.2798 	EXP 	textbox9: autoDraw = False
33.2798 	EXP 	image10: autoDraw = False
33.2798 	EXP 	textbox10: autoDraw = False
33.2798 	EXP 	image11: autoDraw = False
33.2798 	EXP 	textbox11: autoDraw = False
33.2798 	EXP 	image12: autoDraw = False
33.2798 	EXP 	textbox12: autoDraw = False
33.2798 	EXP 	image13: autoDraw = False
33.2798 	EXP 	textbox13: autoDraw = False
33.2798 	EXP 	image14: autoDraw = False
33.2798 	EXP 	image15: autoDraw = False
33.2798 	EXP 	textbox15: autoDraw = False
33.2798 	EXP 	textbox14: autoDraw = False
33.2798 	EXP 	text_3: autoDraw = True
37.2860 	EXP 	text_3: autoDraw = False
37.8476 	EXP 	window1: mouseVisible = True
