4.6435 	WARNING 	We strongly recommend you activate the PTB sound engine in PsychoPy prefs as the preferred audio engine. Its timing is vastly superior. Your prefs are currently set to use ['sounddevice', 'PTB', 'pyo', 'pygame'] (in that order).
14.5870 	WARNING 	User requested fullscreen with size [1024  768], but screen is actually [1680, 1050]. Using actual size
16.9188 	WARNING 	Couldn't measure a consistent frame rate!
  - Is your graphics card set to sync to vertical blank?
  - Are you running other processes on your computer?

16.9195 	EXP 	Created window1 = Window(allowGUI=True, allowStencil=False, autoLog=True, backendConf=UNKNOWN, bitsMode=UNKNOWN, blendMode='avg', bpc=(8, 8, 8), color=array([0, 0, 0]), colorSpace='rgb', depthBits=8, fullscr=<method-wrapper '__getattribute__' of attributeSetter object at 0x7fea234bbee0>, gamma=None, gammaErrorPolicy='raise', lms=UNKNOWN, monitor=<psychopy.monitors.calibTools.Monitor object at 0x7fe9f0724a00>, multiSample=False, name='window1', numSamples=2, pos=[420.0, 262.5], screen=0, size=array([3360, 2100]), stencilBits=0, stereo=False, units='height', useFBO=True, useRetina=True, viewOri=0.0, viewPos=None, viewScale=None, waitBlanking=True, winType='pyglet')
16.9199 	EXP 	window1: mouseVisible = True
16.9214 	EXP 	window1: mouseVisible = False
16.9214 	EXP 	window1: Attempting to measure frame rate of screen (0) ...
16.9215 	EXP 	window1: recordFrameIntervals = False
17.0755 	EXP 	window1: recordFrameIntervals = True
17.1791 	WARNING 	t of last frame was 25.99ms (=1/38)
17.3288 	WARNING 	t of last frame was 23.79ms (=1/42)
17.4954 	WARNING 	t of last frame was 25.56ms (=1/39)
17.6621 	WARNING 	t of last frame was 25.67ms (=1/38)
17.8385 	WARNING 	Multiple dropped frames have occurred - I'll stop bothering you about them!
18.7128 	WARNING 	Couldn't measure a consistent frame rate!
  - Is your graphics card set to sync to vertical blank?
  - Are you running other processes on your computer?

22.6742 	EXP 	Created text = TextStim(__class__=<class 'psychopy.visual.text.TextStim'>, alignHoriz=method-wrapper(...), alignText='center', alignVert=method-wrapper(...), anchorHoriz='center', anchorVert='center', antialias=True, autoDraw=False, autoLog=True, bold=False, color=array([1, 1, 1]), colorSpace='rgb', contrast=1.0, depth=0.0, flipHoriz=False, flipVert=False, font='Open Sans', fontFiles=[], height=0.05, italic=False, languageStyle='LTR', name='text', opacity=1.0, ori=0.0, pos=array([0., 0.]), rgb=UNKNOWN, text='Welcome to the Salience Rank Ordering Task ', units='height', win=Window(...), wrapWidth=1)
22.6950 	EXP 	Created text_2 = TextStim(__class__=<class 'psychopy.visual.text.TextStim'>, alignHoriz=method-wrapper(...), alignText='center', alignVert=method-wrapper(...), anchorHoriz='center', anchorVert='center', antialias=True, autoDraw=False, autoLog=True, bold=False, color=array([1, 1, 1]), colorSpace='rgb', contrast=1.0, depth=0.0, flipHoriz=False, flipVert=False, font='Open Sans', fontFiles=[], height=0.05, italic=False, languageStyle='LTR', name='text_2', opacity=1.0, ori=0.0, pos=array([0., 0.]), rgb=UNKNOWN, text=str(...), units='height', win=Window(...), wrapWidth=1)
22.7009 	EXP 	Created exit_Text = TextStim(__class__=<class 'psychopy.visual.text.TextStim'>, alignHoriz=method-wrapper(...), alignText='center', alignVert=method-wrapper(...), anchorHoriz='center', anchorVert='center', antialias=True, autoDraw=False, autoLog=True, bold=False, color=array([1, 1, 1]), colorSpace='rgb', contrast=1.0, depth=0.0, flipHoriz=False, flipVert=False, font='Open Sans', fontFiles=[], height=0.05, italic=False, languageStyle='LTR', name='exit_Text', opacity=1.0, ori=0.0, pos=array([0.  , 0.45]), rgb=UNKNOWN, text=str(...), units='height', win=Window(...), wrapWidth=1)
22.7716 	EXP 	Created image1 = ImageStim(__class__=<class 'psychopy.visual.image.ImageStim'>, anchor=('center', 'center'), autoLog=True, color=array([1, 1, 1]), colorSpace='rgb', contrast=1.0, depth=-2.0, flipHoriz=False, flipVert=False, image='images_RO_Sal/Landmark1.png', interpolate=True, mask=None, maskParams=None, name='image1', opacity=1.0, ori=0.0, pos=array([-0.5,  0.3]), size=array([0.2, 0.2]), texRes=128.0, units='height', win=Window(...))
22.8184 	EXP 	Created image2 = ImageStim(__class__=<class 'psychopy.visual.image.ImageStim'>, anchor=('center', 'center'), autoLog=True, color=array([1, 1, 1]), colorSpace='rgb', contrast=1.0, depth=-4.0, flipHoriz=False, flipVert=False, image='images_RO_Sal/Landmark2.png', interpolate=True, mask=None, maskParams=None, name='image2', opacity=1.0, ori=0.0, pos=array([-0.25,  0.3 ]), size=array([0.2, 0.2]), texRes=128.0, units='height', win=Window(...))
22.8577 	EXP 	Created image3 = ImageStim(__class__=<class 'psychopy.visual.image.ImageStim'>, anchor=('center', 'center'), autoLog=True, color=array([1, 1, 1]), colorSpace='rgb', contrast=1.0, depth=-6.0, flipHoriz=False, flipVert=False, image='images_RO_Sal/Landmark3.png', interpolate=True, mask=None, maskParams=None, name='image3', opacity=1.0, ori=0.0, pos=array([0. , 0.3]), size=array([0.2, 0.2]), texRes=128.0, units='height', win=Window(...))
22.8983 	EXP 	Created image4 = ImageStim(__class__=<class 'psychopy.visual.image.ImageStim'>, anchor=('center', 'center'), autoLog=True, color=array([1, 1, 1]), colorSpace='rgb', contrast=1.0, depth=-8.0, flipHoriz=False, flipVert=False, image='images_RO_Sal/Landmark4.png', interpolate=True, mask=None, maskParams=None, name='image4', opacity=1.0, ori=0.0, pos=array([0.25, 0.3 ]), size=array([0.2, 0.2]), texRes=128.0, units='height', win=Window(...))
22.9375 	EXP 	Created image5 = ImageStim(__class__=<class 'psychopy.visual.image.ImageStim'>, anchor=('center', 'center'), autoLog=True, color=array([1, 1, 1]), colorSpace='rgb', contrast=1.0, depth=-10.0, flipHoriz=False, flipVert=False, image='images_RO_Sal/Landmark5.png', interpolate=True, mask=None, maskParams=None, name='image5', opacity=1.0, ori=0.0, pos=array([0.5, 0.3]), size=array([0.2, 0.2]), texRes=128.0, units='height', win=Window(...))
22.9855 	EXP 	Created image6 = ImageStim(__class__=<class 'psychopy.visual.image.ImageStim'>, anchor=('center', 'center'), autoLog=True, color=array([1, 1, 1]), colorSpace='rgb', contrast=1.0, depth=-12.0, flipHoriz=False, flipVert=False, image='images_RO_Sal/Landmark6.png', interpolate=True, mask=None, maskParams=None, name='image6', opacity=1.0, ori=0.0, pos=array([-0.5,  0. ]), size=array([0.2, 0.2]), texRes=128.0, units='height', win=Window(...))
23.0245 	EXP 	Created image7 = ImageStim(__class__=<class 'psychopy.visual.image.ImageStim'>, anchor=('center', 'center'), autoLog=True, color=array([1, 1, 1]), colorSpace='rgb', contrast=1.0, depth=-14.0, flipHoriz=False, flipVert=False, image='images_RO_Sal/Landmark7.png', interpolate=True, mask=None, maskParams=None, name='image7', opacity=1.0, ori=0.0, pos=array([-0.25,  0.  ]), size=array([0.2, 0.2]), texRes=128.0, units='height', win=Window(...))
23.0638 	EXP 	Created image8 = ImageStim(__class__=<class 'psychopy.visual.image.ImageStim'>, anchor=('center', 'center'), autoLog=True, color=array([1, 1, 1]), colorSpace='rgb', contrast=1.0, depth=-16.0, flipHoriz=False, flipVert=False, image='images_RO_Sal/Landmark8.png', interpolate=True, mask=None, maskParams=None, name='image8', opacity=1.0, ori=0.0, pos=array([0., 0.]), size=array([0.2, 0.2]), texRes=128.0, units='height', win=Window(...))
23.1043 	EXP 	Created image9 = ImageStim(__class__=<class 'psychopy.visual.image.ImageStim'>, anchor=('center', 'center'), autoLog=True, color=array([1, 1, 1]), colorSpace='rgb', contrast=1.0, depth=-18.0, flipHoriz=False, flipVert=False, image='images_RO_Sal/Landmark9.png', interpolate=True, mask=None, maskParams=None, name='image9', opacity=1.0, ori=0.0, pos=array([0.25, 0.  ]), size=array([0.2, 0.2]), texRes=128.0, units='height', win=Window(...))
23.1442 	EXP 	Created image10 = ImageStim(__class__=<class 'psychopy.visual.image.ImageStim'>, anchor=('center', 'center'), autoLog=True, color=array([1, 1, 1]), colorSpace='rgb', contrast=1.0, depth=-20.0, flipHoriz=False, flipVert=False, image='images_RO_Sal/Landmark10.png', interpolate=True, mask=None, maskParams=None, name='image10', opacity=1.0, ori=0.0, pos=array([0.5, 0. ]), size=array([0.2, 0.2]), texRes=128.0, units='height', win=Window(...))
23.1831 	EXP 	Created image11 = ImageStim(__class__=<class 'psychopy.visual.image.ImageStim'>, anchor=('center', 'center'), autoLog=True, color=array([1, 1, 1]), colorSpace='rgb', contrast=1.0, depth=-22.0, flipHoriz=False, flipVert=False, image='images_RO_Sal/Landmark11.png', interpolate=True, mask=None, maskParams=None, name='image11', opacity=1.0, ori=0.0, pos=array([-0.5, -0.3]), size=array([0.2, 0.2]), texRes=128.0, units='height', win=Window(...))
23.2236 	EXP 	Created image12 = ImageStim(__class__=<class 'psychopy.visual.image.ImageStim'>, anchor=('center', 'center'), autoLog=True, color=array([1, 1, 1]), colorSpace='rgb', contrast=1.0, depth=-24.0, flipHoriz=False, flipVert=False, image='images_RO_Sal/Landmark12.png', interpolate=True, mask=None, maskParams=None, name='image12', opacity=1.0, ori=0.0, pos=array([-0.25, -0.3 ]), size=array([0.2, 0.2]), texRes=128.0, units='height', win=Window(...))
23.2651 	EXP 	Created image13 = ImageStim(__class__=<class 'psychopy.visual.image.ImageStim'>, anchor=('center', 'center'), autoLog=True, color=array([1, 1, 1]), colorSpace='rgb', contrast=1.0, depth=-26.0, flipHoriz=False, flipVert=False, image='images_RO_Sal/Landmark13.png', interpolate=True, mask=None, maskParams=None, name='image13', opacity=1.0, ori=0.0, pos=array([ 0. , -0.3]), size=array([0.2, 0.2]), texRes=128.0, units='height', win=Window(...))
23.3055 	EXP 	Created image14 = ImageStim(__class__=<class 'psychopy.visual.image.ImageStim'>, anchor=('center', 'center'), autoLog=True, color=array([1, 1, 1]), colorSpace='rgb', contrast=1.0, depth=-28.0, flipHoriz=False, flipVert=False, image='images_RO_Sal/Landmark14.png', interpolate=True, mask=None, maskParams=None, name='image14', opacity=1.0, ori=0.0, pos=array([ 0.25, -0.3 ]), size=array([0.2, 0.2]), texRes=128.0, units='height', win=Window(...))
23.3392 	EXP 	Created image15 = ImageStim(__class__=<class 'psychopy.visual.image.ImageStim'>, anchor=('center', 'center'), autoLog=True, color=array([1, 1, 1]), colorSpace='rgb', contrast=1.0, depth=-29.0, flipHoriz=False, flipVert=False, image='images_RO_Sal/Landmark15.png', interpolate=True, mask=None, maskParams=None, name='image15', opacity=1.0, ori=0.0, pos=array([ 0.5, -0.3]), size=array([0.2, 0.2]), texRes=128.0, units='height', win=Window(...))
23.3518 	EXP 	Created text_3 = TextStim(__class__=<class 'psychopy.visual.text.TextStim'>, alignHoriz=method-wrapper(...), alignText='center', alignVert=method-wrapper(...), anchorHoriz='center', anchorVert='center', antialias=True, autoDraw=False, autoLog=True, bold=False, color=array([1, 1, 1]), colorSpace='rgb', contrast=1.0, depth=0.0, flipHoriz=False, flipVert=False, font='Open Sans', fontFiles=[], height=0.05, italic=False, languageStyle='LTR', name='text_3', opacity=1.0, ori=0.0, pos=array([0., 0.]), rgb=UNKNOWN, text=str(...), units='height', win=Window(...), wrapWidth=1)
23.3722 	EXP 	textbox1: autoLog = True
23.3722 	EXP 	textbox2: autoLog = True
23.3722 	EXP 	textbox3: autoLog = True
23.3722 	EXP 	textbox4: autoLog = True
23.3722 	EXP 	textbox5: autoLog = True
23.3722 	EXP 	textbox6: autoLog = True
23.3722 	EXP 	textbox7: autoLog = True
23.3722 	EXP 	textbox8: autoLog = True
23.3722 	EXP 	textbox9: autoLog = True
23.3722 	EXP 	textbox10: autoLog = True
23.3722 	EXP 	textbox11: autoLog = True
23.3722 	EXP 	textbox12: autoLog = True
23.3722 	EXP 	textbox13: autoLog = True
23.3722 	EXP 	textbox15: autoLog = True
23.3722 	EXP 	text: autoDraw = True
25.3824 	EXP 	text: autoDraw = False
25.3824 	EXP 	text_2: autoDraw = True
25.9148 	DATA 	Keypress: space
25.9485 	EXP 	text_2: autoDraw = False
25.9485 	EXP 	exit_Text: autoDraw = True
25.9485 	EXP 	image1: autoDraw = True
25.9485 	EXP 	textbox1: autoDraw = True
25.9485 	EXP 	image2: autoDraw = True
25.9485 	EXP 	textbox2: autoDraw = True
25.9485 	EXP 	image3: autoDraw = True
25.9485 	EXP 	textbox3: autoDraw = True
25.9485 	EXP 	image4: autoDraw = True
25.9485 	EXP 	textbox4: autoDraw = True
25.9485 	EXP 	image5: autoDraw = True
25.9485 	EXP 	textbox5: autoDraw = True
25.9485 	EXP 	image6: autoDraw = True
25.9485 	EXP 	textbox6: autoDraw = True
25.9485 	EXP 	image7: autoDraw = True
25.9485 	EXP 	textbox7: autoDraw = True
25.9485 	EXP 	image8: autoDraw = True
25.9485 	EXP 	textbox8: autoDraw = True
25.9485 	EXP 	image9: autoDraw = True
25.9485 	EXP 	textbox9: autoDraw = True
25.9485 	EXP 	image10: autoDraw = True
25.9485 	EXP 	textbox10: autoDraw = True
25.9485 	EXP 	image11: autoDraw = True
25.9485 	EXP 	textbox11: autoDraw = True
25.9485 	EXP 	image12: autoDraw = True
25.9485 	EXP 	textbox12: autoDraw = True
25.9485 	EXP 	image13: autoDraw = True
25.9485 	EXP 	textbox13: autoDraw = True
25.9485 	EXP 	image14: autoDraw = True
25.9485 	EXP 	image15: autoDraw = True
25.9485 	EXP 	textbox15: autoDraw = True
38.2578 	DATA 	Keypress: return
38.2942 	EXP 	exit_Text: autoDraw = False
38.2942 	EXP 	image1: autoDraw = False
38.2942 	EXP 	textbox1: autoDraw = False
38.2942 	EXP 	image2: autoDraw = False
38.2942 	EXP 	textbox2: autoDraw = False
38.2942 	EXP 	image3: autoDraw = False
38.2942 	EXP 	textbox3: autoDraw = False
38.2942 	EXP 	image4: autoDraw = False
38.2942 	EXP 	textbox4: autoDraw = False
38.2942 	EXP 	image5: autoDraw = False
38.2942 	EXP 	textbox5: autoDraw = False
38.2942 	EXP 	image6: autoDraw = False
38.2942 	EXP 	textbox6: autoDraw = False
38.2942 	EXP 	image7: autoDraw = False
38.2942 	EXP 	textbox7: autoDraw = False
38.2942 	EXP 	image8: autoDraw = False
38.2942 	EXP 	textbox8: autoDraw = False
38.2942 	EXP 	image9: autoDraw = False
38.2942 	EXP 	textbox9: autoDraw = False
38.2942 	EXP 	image10: autoDraw = False
38.2942 	EXP 	textbox10: autoDraw = False
38.2942 	EXP 	image11: autoDraw = False
38.2942 	EXP 	textbox11: autoDraw = False
38.2942 	EXP 	image12: autoDraw = False
38.2942 	EXP 	textbox12: autoDraw = False
38.2942 	EXP 	image13: autoDraw = False
38.2942 	EXP 	textbox13: autoDraw = False
38.2942 	EXP 	image14: autoDraw = False
38.2942 	EXP 	image15: autoDraw = False
38.2942 	EXP 	textbox15: autoDraw = False
38.2942 	EXP 	text_3: autoDraw = True
42.3117 	EXP 	text_3: autoDraw = False
42.8518 	EXP 	window1: mouseVisible = True
